Determining size of off64_t failed with the following output:
Change Dir: /Users/saratt/Documents/openML/src/util/opencv/release/CMakeFiles/CMakeTmp

Run Build Command:/usr/bin/make "cmTryCompileExec1837285998/fast"
/usr/bin/make -f CMakeFiles/cmTryCompileExec1837285998.dir/build.make CMakeFiles/cmTryCompileExec1837285998.dir/build
"/Applications/CMake 2.8-8.app/Contents/bin/cmake" -E cmake_progress_report /Users/saratt/Documents/openML/src/util/opencv/release/CMakeFiles/CMakeTmp/CMakeFiles 1
Building C object CMakeFiles/cmTryCompileExec1837285998.dir/OFF64_T.c.o
/usr/bin/gcc    -o CMakeFiles/cmTryCompileExec1837285998.dir/OFF64_T.c.o   -c /Users/saratt/Documents/openML/src/util/opencv/release/CMakeFiles/CheckTypeSize/OFF64_T.c
/Users/saratt/Documents/openML/src/util/opencv/release/CMakeFiles/CheckTypeSize/OFF64_T.c:19: error: ‘off64_t’ undeclared here (not in a function)
make[1]: *** [CMakeFiles/cmTryCompileExec1837285998.dir/OFF64_T.c.o] Error 1
make: *** [cmTryCompileExec1837285998/fast] Error 2

/Users/saratt/Documents/openML/src/util/opencv/release/CMakeFiles/CheckTypeSize/OFF64_T.c:
#include <sys/types.h>
#include <stdint.h>
#include <stddef.h>


#undef KEY
#if defined(__i386)
# define KEY '_','_','i','3','8','6'
#elif defined(__x86_64)
# define KEY '_','_','x','8','6','_','6','4'
#elif defined(__ppc__)
# define KEY '_','_','p','p','c','_','_'
#elif defined(__ppc64__)
# define KEY '_','_','p','p','c','6','4','_','_'
#endif

#define SIZE (sizeof(off64_t))
char info_size[] =  {'I', 'N', 'F', 'O', ':', 's','i','z','e','[',
  ('0' + ((SIZE / 10000)%10)),
  ('0' + ((SIZE / 1000)%10)),
  ('0' + ((SIZE / 100)%10)),
  ('0' + ((SIZE / 10)%10)),
  ('0' +  (SIZE    % 10)),
  ']',
#ifdef KEY
  ' ','k','e','y','[', KEY, ']',
#endif
  '\0'};

#ifdef __CLASSIC_C__
int main(argc, argv) int argc; char *argv[];
#else
int main(int argc, char *argv[])
#endif
{
  int require = 0;
  require += info_size[argc];
  (void)argv;
  return require;
}


Determining if the include file io.h exists failed with the following output:
Change Dir: /Users/saratt/Documents/openML/src/util/opencv/release/CMakeFiles/CMakeTmp

Run Build Command:/usr/bin/make "cmTryCompileExec3405337973/fast"
/usr/bin/make -f CMakeFiles/cmTryCompileExec3405337973.dir/build.make CMakeFiles/cmTryCompileExec3405337973.dir/build
"/Applications/CMake 2.8-8.app/Contents/bin/cmake" -E cmake_progress_report /Users/saratt/Documents/openML/src/util/opencv/release/CMakeFiles/CMakeTmp/CMakeFiles 1
Building C object CMakeFiles/cmTryCompileExec3405337973.dir/CheckIncludeFile.c.o
/usr/bin/gcc    -o CMakeFiles/cmTryCompileExec3405337973.dir/CheckIncludeFile.c.o   -c /Users/saratt/Documents/openML/src/util/opencv/release/CMakeFiles/CMakeTmp/CheckIncludeFile.c
/Users/saratt/Documents/openML/src/util/opencv/release/CMakeFiles/CMakeTmp/CheckIncludeFile.c:1:16: error: io.h: No such file or directory
make[1]: *** [CMakeFiles/cmTryCompileExec3405337973.dir/CheckIncludeFile.c.o] Error 1
make: *** [cmTryCompileExec3405337973/fast] Error 2


Determining if the function jbg_newlen exists failed with the following output:
Change Dir: /Users/saratt/Documents/openML/src/util/opencv/release/CMakeFiles/CMakeTmp

Run Build Command:/usr/bin/make "cmTryCompileExec2040463874/fast"
/usr/bin/make -f CMakeFiles/cmTryCompileExec2040463874.dir/build.make CMakeFiles/cmTryCompileExec2040463874.dir/build
"/Applications/CMake 2.8-8.app/Contents/bin/cmake" -E cmake_progress_report /Users/saratt/Documents/openML/src/util/opencv/release/CMakeFiles/CMakeTmp/CMakeFiles 1
Building C object CMakeFiles/cmTryCompileExec2040463874.dir/CheckFunctionExists.c.o
/usr/bin/gcc   -DCHECK_FUNCTION_EXISTS=jbg_newlen   -o CMakeFiles/cmTryCompileExec2040463874.dir/CheckFunctionExists.c.o   -c "/Applications/CMake 2.8-8.app/Contents/share/cmake-2.8/Modules/CheckFunctionExists.c"
Linking C executable cmTryCompileExec2040463874
"/Applications/CMake 2.8-8.app/Contents/bin/cmake" -E cmake_link_script CMakeFiles/cmTryCompileExec2040463874.dir/link.txt --verbose=1
/usr/bin/gcc      -DCHECK_FUNCTION_EXISTS=jbg_newlen -Wl,-search_paths_first -Wl,-headerpad_max_install_names   CMakeFiles/cmTryCompileExec2040463874.dir/CheckFunctionExists.c.o  -o cmTryCompileExec2040463874  
Undefined symbols for architecture x86_64:
  "_jbg_newlen", referenced from:
      _main in CheckFunctionExists.c.o
ld: symbol(s) not found for architecture x86_64
collect2: ld returned 1 exit status
make[1]: *** [cmTryCompileExec2040463874] Error 1
make: *** [cmTryCompileExec2040463874/fast] Error 2


Determining if the include file ffmpeg/avformat.h exists failed with the following output:
Change Dir: /Users/saratt/Documents/openML/src/util/opencv/release/CMakeFiles/CMakeTmp

Run Build Command:/usr/bin/make "cmTryCompileExec3481554712/fast"
/usr/bin/make -f CMakeFiles/cmTryCompileExec3481554712.dir/build.make CMakeFiles/cmTryCompileExec3481554712.dir/build
"/Applications/CMake 2.8-8.app/Contents/bin/cmake" -E cmake_progress_report /Users/saratt/Documents/openML/src/util/opencv/release/CMakeFiles/CMakeTmp/CMakeFiles 1
Building C object CMakeFiles/cmTryCompileExec3481554712.dir/CheckIncludeFile.c.o
/usr/bin/gcc    -o CMakeFiles/cmTryCompileExec3481554712.dir/CheckIncludeFile.c.o   -c /Users/saratt/Documents/openML/src/util/opencv/release/CMakeFiles/CMakeTmp/CheckIncludeFile.c
/Users/saratt/Documents/openML/src/util/opencv/release/CMakeFiles/CMakeTmp/CheckIncludeFile.c:1:29: error: ffmpeg/avformat.h: No such file or directory
make[1]: *** [CMakeFiles/cmTryCompileExec3481554712.dir/CheckIncludeFile.c.o] Error 1
make: *** [cmTryCompileExec3481554712/fast] Error 2


